<?xml version="1.0" encoding="UTF-8"?>
<!-- Generated by org.testng.reporters.JUnitReportReporter -->
<testsuite hostname="DESKTOP-DI2UBRL" failures="0" tests="2" name="TestClasses.WriteDataUsingDataProvider" time="124.588" errors="0" timestamp="2023-11-11T11:13:33 IST" skipped="0">
  <testcase classname="TestClasses.WriteDataUsingDataProvider" name="readData" time="68.772"/>
  <system-out/>
  <testcase classname="TestClasses.WriteDataUsingDataProvider" name="readData" time="55.816"/>
  <system-out/>
</testsuite> <!-- TestClasses.WriteDataUsingDataProvider -->
